zxinglib/build/intermediates/manifest_merge_blame_file/debug/manifest-merger-blame-debug-report.txt
1<?xml version="1.0" encoding="utf-8"?>
2<manifest xmlns:android="http://schemas.android.com/apk/res/android"
3    package="com.google.zxing.client.android"
4    android:installLocation="auto" >
5
6    <uses-sdk android:minSdkVersion="21" />
6-->src\main\AndroidManifest.xml
7
8    <uses-permission android:name="android.permission.CAMERA" />
8-->src\main\AndroidManifest.xml:6:5-64
8-->src\main\AndroidManifest.xml:6:22-62
9    <uses-permission android:name="android.permission.FLASHLIGHT" />
9-->src\main\AndroidManifest.xml:7:5-68
9-->src\main\AndroidManifest.xml:7:22-66
10    <uses-permission android:name="android.permission.VIBRATE" />
10-->src\main\AndroidManifest.xml:8:5-65
10-->src\main\AndroidManifest.xml:8:22-63
11
12    <application>
12-->src\main\AndroidManifest.xml:11:5-20:19
13        <activity
13-->src\main\AndroidManifest.xml:12:9-19:20
14            android:name="com.google.zxing.client.android.CaptureActivity"
14-->src\main\AndroidManifest.xml:13:17-48
15            android:clearTaskOnLaunch="true"
15-->src\main\AndroidManifest.xml:14:17-49
16            android:screenOrientation="portrait"
16-->src\main\AndroidManifest.xml:16:17-53
17            android:stateNotNeeded="true"
17-->src\main\AndroidManifest.xml:15:17-46
18            android:theme="@style/CaptureTheme"
18-->src\main\AndroidManifest.xml:17:17-52
19            android:windowSoftInputMode="stateAlwaysHidden" >
19-->src\main\AndroidManifest.xml:18:17-64
20        </activity>
21    </application>
22
23</manifest>